Using pre-set license
Built from '2020.2/release' branch; Version is '2020.2.1f1 (270dd8c3da1c) revision 2559448'; Using compiler version '192528614'; Build Type 'Release'
OS: 'Windows 10  (10.0.0) 64bit' Language: 'en' Physical Memory: 16300 MB
BatchMode: 1, IsHumanControllingUs: 0, StartBugReporterOnCrash: 0, Is64bit: 1, IsPro: 0

 COMMAND LINE ARGUMENTS:
D:\Unity_2020\2020.2.1f1\Editor\Unity.exe
-adb2
-batchMode
-noUpm
-name
AssetImportWorker0
-projectPath
D:/GameDev_Unity/Unity Projects 2021/3D Survival Shooter Pro/3D Survival Shooter Pro
-logFile
Logs/AssetImportWorker0.log
-srvPort
64360
Successfully changed project path to: D:/GameDev_Unity/Unity Projects 2021/3D Survival Shooter Pro/3D Survival Shooter Pro
D:/GameDev_Unity/Unity Projects 2021/3D Survival Shooter Pro/3D Survival Shooter Pro
Using Asset Import Pipeline V2.
Refreshing native plugins compatible for Editor in 23.24 ms, found 0 plugins.
Preloading 0 native plugins for Editor in 0.00 ms.
Initialize engine version: 2020.2.1f1 (270dd8c3da1c)
[Subsystems] Discovering subsystems at path D:/Unity_2020/2020.2.1f1/Editor/Data/Resources/UnitySubsystems
[Subsystems] Discovering subsystems at path D:/GameDev_Unity/Unity Projects 2021/3D Survival Shooter Pro/3D Survival Shooter Pro/Assets
GfxDevice: creating device client; threaded=0
Direct3D:
    Version:  Direct3D 11.0 [level 11.1]
    Renderer: NVIDIA GeForce GTX 1660 (ID=0x2184)
    Vendor:   
    VRAM:     5991 MB
    Driver:   27.21.14.6627
Initialize mono
Mono path[0] = 'D:/Unity_2020/2020.2.1f1/Editor/Data/Managed'
Mono path[1] = 'D:/Unity_2020/2020.2.1f1/Editor/Data/MonoBleedingEdge/lib/mono/unityjit'
Mono config path = 'D:/Unity_2020/2020.2.1f1/Editor/Data/MonoBleedingEdge/etc'
Using monoOptions --debugger-agent=transport=dt_socket,embedding=1,server=y,suspend=n,address=127.0.0.1:56848
Begin MonoManager ReloadAssembly
Registering precompiled unity dll's ...
Register platform support module: D:/Unity_2020/2020.2.1f1/Editor/Data/PlaybackEngines/WebGLSupport/UnityEditor.WebGL.Extensions.dll
Register platform support module: D:/Unity_2020/2020.2.1f1/Editor/Data/PlaybackEngines/WindowsStandaloneSupport/UnityEditor.WindowsStandalone.Extensions.dll
Registered in 0.001301 seconds.
Native extension for WindowsStandalone target not found
Native extension for WebGL target not found
Refreshing native plugins compatible for Editor in 22.53 ms, found 0 plugins.
Preloading 0 native plugins for Editor in 0.00 ms.
Invoked RoslynAnalysisRunner static constructor.
RoslynAnalysisRunner will not be running.
RoslynAnalysisRunner has terminated.
Mono: successfully reloaded assembly
- Completed reload, in  2.223 seconds
Platform modules already initialized, skipping
Registering precompiled user dll's ...
Registered in 0.001663 seconds.
Begin MonoManager ReloadAssembly
Native extension for WindowsStandalone target not found
Native extension for WebGL target not found
Refreshing native plugins compatible for Editor in 0.29 ms, found 0 plugins.
Preloading 0 native plugins for Editor in 0.00 ms.
Invoked RoslynAnalysisRunner static constructor.
RoslynAnalysisRunner will not be running.
RoslynAnalysisRunner has terminated.
Mono: successfully reloaded assembly
- Completed reload, in  0.896 seconds
Platform modules already initialized, skipping
========================================================================
Worker process is ready to serve import requests
Launched and connected shader compiler UnityShaderCompiler.exe after 0.05 seconds
Refreshing native plugins compatible for Editor in 0.22 ms, found 0 plugins.
Preloading 0 native plugins for Editor in 0.00 ms.
Unloading 1101 Unused Serialized files (Serialized files now loaded: 0)
System memory in use before: 127.9 MB.
System memory in use after: 127.9 MB.

Unloading 12 unused Assets to reduce memory usage. Loaded Objects now: 1544.
Total: 1.946800 ms (FindLiveObjects: 0.154200 ms CreateObjectMapping: 0.048000 ms MarkObjects: 1.680300 ms  DeleteObjects: 0.062200 ms)

========================================================================
Received Import Request.
  path: Assets/GameDevHQ/FileBase/Audio/Music/Soundtrack/Zombie_Music_Sample
  artifactKey: Guid(1896122697acf664c9294f9f11d6a85c) Importer(815301076,1909f56bfc062723c751e8b465ee728b)
Start importing Assets/GameDevHQ/FileBase/Audio/Music/Soundtrack/Zombie_Music_Sample using Guid(1896122697acf664c9294f9f11d6a85c) Importer(815301076,1909f56bfc062723c751e8b465ee728b)  -> (artifact id: '47f619ce93211704fef662d976f64638') in 0.020142 seconds
  Import took 0.022006 seconds .

========================================================================
Received Import Request.
  Time since last request: 0.000205 seconds.
  path: Assets/GameDevHQ/FileBase/Audio/Music/Soundtrack
  artifactKey: Guid(c4b13c84c137f1b47b99c3930e7cb7d5) Importer(815301076,1909f56bfc062723c751e8b465ee728b)
Start importing Assets/GameDevHQ/FileBase/Audio/Music/Soundtrack using Guid(c4b13c84c137f1b47b99c3930e7cb7d5) Importer(815301076,1909f56bfc062723c751e8b465ee728b)  -> (artifact id: 'a68ec024c660501e18f686708296fb0a') in 0.006975 seconds
  Import took 0.008696 seconds .

========================================================================
Received Import Request.
  Time since last request: 0.000217 seconds.
  path: Assets/GameDevHQ/FileBase/Audio/Music
  artifactKey: Guid(bb370fed93b2376499760276a0a73d29) Importer(815301076,1909f56bfc062723c751e8b465ee728b)
Start importing Assets/GameDevHQ/FileBase/Audio/Music using Guid(bb370fed93b2376499760276a0a73d29) Importer(815301076,1909f56bfc062723c751e8b465ee728b)  -> (artifact id: '8b6ad6b177d6493060ed7d09ff938c40') in 0.019947 seconds
  Import took 0.021669 seconds .

========================================================================
Received Import Request.
  Time since last request: 0.000162 seconds.
  path: Assets/GameDevHQ/FileBase/Audio/Music/Soundtrack/Zombie_Music_Sample/Zombie_Music_Sample.wav
  artifactKey: Guid(95cea90da286347f2b1efc2fe7679eda) Importer(815301076,1909f56bfc062723c751e8b465ee728b)
Start importing Assets/GameDevHQ/FileBase/Audio/Music/Soundtrack/Zombie_Music_Sample/Zombie_Music_Sample.wav using Guid(95cea90da286347f2b1efc2fe7679eda) Importer(815301076,1909f56bfc062723c751e8b465ee728b)  -> (artifact id: '8de7dc0e1811c0e2fe546983dd03d793') in 0.274487 seconds
  Import took 0.276274 seconds .

========================================================================
Received Prepare
Registering precompiled user dll's ...
Registered in 0.001478 seconds.
Begin MonoManager ReloadAssembly
Native extension for WindowsStandalone target not found
Native extension for WebGL target not found
Refreshing native plugins compatible for Editor in 0.22 ms, found 0 plugins.
Preloading 0 native plugins for Editor in 0.00 ms.
Invoked RoslynAnalysisRunner static constructor.
RoslynAnalysisRunner will not be running.
RoslynAnalysisRunner has terminated.
Mono: successfully reloaded assembly
- Completed reload, in  0.788 seconds
Platform modules already initialized, skipping
Refreshing native plugins compatible for Editor in 0.21 ms, found 0 plugins.
Preloading 0 native plugins for Editor in 0.00 ms.
Unloading 1096 Unused Serialized files (Serialized files now loaded: 0)
System memory in use before: 131.2 MB.
System memory in use after: 131.3 MB.

Unloading 7 unused Assets to reduce memory usage. Loaded Objects now: 1555.
Total: 1.420300 ms (FindLiveObjects: 0.116300 ms CreateObjectMapping: 0.032200 ms MarkObjects: 1.233500 ms  DeleteObjects: 0.037300 ms)

========================================================================
Received Prepare
Registering precompiled user dll's ...
Registered in 0.001376 seconds.
Begin MonoManager ReloadAssembly
Native extension for WindowsStandalone target not found
Native extension for WebGL target not found
Refreshing native plugins compatible for Editor in 0.22 ms, found 0 plugins.
Preloading 0 native plugins for Editor in 0.00 ms.
Invoked RoslynAnalysisRunner static constructor.
RoslynAnalysisRunner will not be running.
RoslynAnalysisRunner has terminated.
Mono: successfully reloaded assembly
- Completed reload, in  0.737 seconds
Platform modules already initialized, skipping
Refreshing native plugins compatible for Editor in 0.21 ms, found 0 plugins.
Preloading 0 native plugins for Editor in 0.00 ms.
Unloading 1096 Unused Serialized files (Serialized files now loaded: 0)
System memory in use before: 131.4 MB.
System memory in use after: 131.5 MB.

Unloading 7 unused Assets to reduce memory usage. Loaded Objects now: 1557.
Total: 2.181600 ms (FindLiveObjects: 0.149500 ms CreateObjectMapping: 0.038900 ms MarkObjects: 1.944900 ms  DeleteObjects: 0.046900 ms)

========================================================================
Received Import Request.
  Time since last request: 476.202298 seconds.
  path: Assets/Scripts/Player/Player.cs
  artifactKey: Guid(c57f4ef6ddc4b0c4b9f39a75b527afa6) Importer(815301076,1909f56bfc062723c751e8b465ee728b)
Start importing Assets/Scripts/Player/Player.cs using Guid(c57f4ef6ddc4b0c4b9f39a75b527afa6) Importer(815301076,1909f56bfc062723c751e8b465ee728b)  -> (artifact id: 'de8f95a2cc4907d93d33cc37c3963f1a') in 0.013930 seconds
  Import took 0.015692 seconds .

========================================================================
Received Prepare
Registering precompiled user dll's ...
Registered in 0.001355 seconds.
Begin MonoManager ReloadAssembly
Native extension for WindowsStandalone target not found
Native extension for WebGL target not found
Refreshing native plugins compatible for Editor in 0.21 ms, found 0 plugins.
Preloading 0 native plugins for Editor in 0.00 ms.
Invoked RoslynAnalysisRunner static constructor.
RoslynAnalysisRunner will not be running.
RoslynAnalysisRunner has terminated.
Mono: successfully reloaded assembly
- Completed reload, in  0.712 seconds
Platform modules already initialized, skipping
Refreshing native plugins compatible for Editor in 0.23 ms, found 0 plugins.
Preloading 0 native plugins for Editor in 0.00 ms.
Unloading 1096 Unused Serialized files (Serialized files now loaded: 0)
System memory in use before: 131.6 MB.
System memory in use after: 131.7 MB.

Unloading 7 unused Assets to reduce memory usage. Loaded Objects now: 1559.
Total: 1.474100 ms (FindLiveObjects: 0.111700 ms CreateObjectMapping: 0.030800 ms MarkObjects: 1.292100 ms  DeleteObjects: 0.038400 ms)

========================================================================
Received Import Request.
  Time since last request: 30.455765 seconds.
  path: Assets/Scripts/Player/Player.cs
  artifactKey: Guid(c57f4ef6ddc4b0c4b9f39a75b527afa6) Importer(815301076,1909f56bfc062723c751e8b465ee728b)
Start importing Assets/Scripts/Player/Player.cs using Guid(c57f4ef6ddc4b0c4b9f39a75b527afa6) Importer(815301076,1909f56bfc062723c751e8b465ee728b)  -> (artifact id: '936437b004bc74bc5896bfdf892b50af') in 0.003671 seconds
  Import took 0.014014 seconds .

========================================================================
Received Prepare
Registering precompiled user dll's ...
Registered in 0.001368 seconds.
Begin MonoManager ReloadAssembly
Native extension for WindowsStandalone target not found
Native extension for WebGL target not found
Refreshing native plugins compatible for Editor in 0.21 ms, found 0 plugins.
Preloading 0 native plugins for Editor in 0.00 ms.
Invoked RoslynAnalysisRunner static constructor.
RoslynAnalysisRunner will not be running.
RoslynAnalysisRunner has terminated.
Mono: successfully reloaded assembly
- Completed reload, in  0.713 seconds
Platform modules already initialized, skipping
Refreshing native plugins compatible for Editor in 0.21 ms, found 0 plugins.
Preloading 0 native plugins for Editor in 0.00 ms.
Unloading 1096 Unused Serialized files (Serialized files now loaded: 0)
System memory in use before: 131.8 MB.
System memory in use after: 131.9 MB.

Unloading 7 unused Assets to reduce memory usage. Loaded Objects now: 1561.
Total: 1.904200 ms (FindLiveObjects: 0.182800 ms CreateObjectMapping: 0.087800 ms MarkObjects: 1.579900 ms  DeleteObjects: 0.052000 ms)

========================================================================
Received Import Request.
  Time since last request: 17.521179 seconds.
  path: Assets/Scripts/Player/Player.cs
  artifactKey: Guid(c57f4ef6ddc4b0c4b9f39a75b527afa6) Importer(815301076,1909f56bfc062723c751e8b465ee728b)
Start importing Assets/Scripts/Player/Player.cs using Guid(c57f4ef6ddc4b0c4b9f39a75b527afa6) Importer(815301076,1909f56bfc062723c751e8b465ee728b)  -> (artifact id: '506027fef2a09b0f97439b40de417e46') in 0.004141 seconds
  Import took 0.006287 seconds .

========================================================================
Received Prepare
Registering precompiled user dll's ...
Registered in 0.001350 seconds.
Begin MonoManager ReloadAssembly
Native extension for WindowsStandalone target not found
Native extension for WebGL target not found
Refreshing native plugins compatible for Editor in 0.21 ms, found 0 plugins.
Preloading 0 native plugins for Editor in 0.00 ms.
Invoked RoslynAnalysisRunner static constructor.
RoslynAnalysisRunner will not be running.
RoslynAnalysisRunner has terminated.
Mono: successfully reloaded assembly
- Completed reload, in  0.697 seconds
Platform modules already initialized, skipping
Refreshing native plugins compatible for Editor in 0.21 ms, found 0 plugins.
Preloading 0 native plugins for Editor in 0.00 ms.
Unloading 1096 Unused Serialized files (Serialized files now loaded: 0)
System memory in use before: 132.0 MB.
System memory in use after: 132.1 MB.

Unloading 7 unused Assets to reduce memory usage. Loaded Objects now: 1563.
Total: 1.755700 ms (FindLiveObjects: 0.148900 ms CreateObjectMapping: 0.040600 ms MarkObjects: 1.516600 ms  DeleteObjects: 0.048200 ms)

========================================================================
Received Import Request.
  Time since last request: 36.414119 seconds.
  path: Assets/Scripts/Player/Player.cs
  artifactKey: Guid(c57f4ef6ddc4b0c4b9f39a75b527afa6) Importer(815301076,1909f56bfc062723c751e8b465ee728b)
Start importing Assets/Scripts/Player/Player.cs using Guid(c57f4ef6ddc4b0c4b9f39a75b527afa6) Importer(815301076,1909f56bfc062723c751e8b465ee728b)  -> (artifact id: 'bb68c67df725fa820e5fcfd882c105f1') in 0.003829 seconds
  Import took 0.005770 seconds .

========================================================================
Received Prepare
Registering precompiled user dll's ...
Registered in 0.001463 seconds.
Begin MonoManager ReloadAssembly
Native extension for WindowsStandalone target not found
Native extension for WebGL target not found
Refreshing native plugins compatible for Editor in 0.21 ms, found 0 plugins.
Preloading 0 native plugins for Editor in 0.00 ms.
Invoked RoslynAnalysisRunner static constructor.
RoslynAnalysisRunner will not be running.
RoslynAnalysisRunner has terminated.
Mono: successfully reloaded assembly
- Completed reload, in  0.749 seconds
Platform modules already initialized, skipping
Refreshing native plugins compatible for Editor in 0.21 ms, found 0 plugins.
Preloading 0 native plugins for Editor in 0.00 ms.
Unloading 1096 Unused Serialized files (Serialized files now loaded: 0)
System memory in use before: 132.2 MB.
System memory in use after: 132.3 MB.

Unloading 7 unused Assets to reduce memory usage. Loaded Objects now: 1565.
Total: 1.585200 ms (FindLiveObjects: 0.133700 ms CreateObjectMapping: 0.035800 ms MarkObjects: 1.372800 ms  DeleteObjects: 0.041500 ms)

========================================================================
Received Import Request.
  Time since last request: 48.198289 seconds.
  path: Assets/Scripts/Player/Player.cs
  artifactKey: Guid(c57f4ef6ddc4b0c4b9f39a75b527afa6) Importer(815301076,1909f56bfc062723c751e8b465ee728b)
Start importing Assets/Scripts/Player/Player.cs using Guid(c57f4ef6ddc4b0c4b9f39a75b527afa6) Importer(815301076,1909f56bfc062723c751e8b465ee728b)  -> (artifact id: '619ebca429825710642c2a0a025a7cf3') in 0.003712 seconds
  Import took 0.005572 seconds .

========================================================================
Received Prepare
Registering precompiled user dll's ...
Registered in 0.001361 seconds.
Begin MonoManager ReloadAssembly
Native extension for WindowsStandalone target not found
Native extension for WebGL target not found
Refreshing native plugins compatible for Editor in 0.21 ms, found 0 plugins.
Preloading 0 native plugins for Editor in 0.00 ms.
Invoked RoslynAnalysisRunner static constructor.
RoslynAnalysisRunner will not be running.
RoslynAnalysisRunner has terminated.
Mono: successfully reloaded assembly
- Completed reload, in  0.741 seconds
Platform modules already initialized, skipping
Refreshing native plugins compatible for Editor in 0.24 ms, found 0 plugins.
Preloading 0 native plugins for Editor in 0.00 ms.
Unloading 1096 Unused Serialized files (Serialized files now loaded: 0)
System memory in use before: 132.4 MB.
System memory in use after: 132.5 MB.

Unloading 7 unused Assets to reduce memory usage. Loaded Objects now: 1567.
Total: 1.487600 ms (FindLiveObjects: 0.148500 ms CreateObjectMapping: 0.028800 ms MarkObjects: 1.270900 ms  DeleteObjects: 0.038500 ms)

========================================================================
Received Import Request.
  Time since last request: 140.765146 seconds.
  path: Assets/Scripts/Player/Player.cs
  artifactKey: Guid(c57f4ef6ddc4b0c4b9f39a75b527afa6) Importer(815301076,1909f56bfc062723c751e8b465ee728b)
Start importing Assets/Scripts/Player/Player.cs using Guid(c57f4ef6ddc4b0c4b9f39a75b527afa6) Importer(815301076,1909f56bfc062723c751e8b465ee728b)  -> (artifact id: 'e69d9e0e56d4cf566a1a6cff9c5fa202') in 0.005521 seconds
  Import took 0.007748 seconds .

========================================================================
Received Prepare
Registering precompiled user dll's ...
Registered in 0.001425 seconds.
Begin MonoManager ReloadAssembly
Native extension for WindowsStandalone target not found
Native extension for WebGL target not found
Refreshing native plugins compatible for Editor in 0.22 ms, found 0 plugins.
Preloading 0 native plugins for Editor in 0.00 ms.
Invoked RoslynAnalysisRunner static constructor.
RoslynAnalysisRunner will not be running.
RoslynAnalysisRunner has terminated.
Mono: successfully reloaded assembly
- Completed reload, in  0.714 seconds
Platform modules already initialized, skipping
Refreshing native plugins compatible for Editor in 0.22 ms, found 0 plugins.
Preloading 0 native plugins for Editor in 0.00 ms.
Unloading 1096 Unused Serialized files (Serialized files now loaded: 0)
System memory in use before: 132.6 MB.
System memory in use after: 132.7 MB.

Unloading 7 unused Assets to reduce memory usage. Loaded Objects now: 1569.
Total: 1.579100 ms (FindLiveObjects: 0.141400 ms CreateObjectMapping: 0.037000 ms MarkObjects: 1.358900 ms  DeleteObjects: 0.040900 ms)

========================================================================
Received Import Request.
  Time since last request: 29.640087 seconds.
  path: Assets/Scripts/Player/Player.cs
  artifactKey: Guid(c57f4ef6ddc4b0c4b9f39a75b527afa6) Importer(815301076,1909f56bfc062723c751e8b465ee728b)
Start importing Assets/Scripts/Player/Player.cs using Guid(c57f4ef6ddc4b0c4b9f39a75b527afa6) Importer(815301076,1909f56bfc062723c751e8b465ee728b)  -> (artifact id: 'e4cb7f39634c4e72bde9fcf4cdc19cf1') in 0.003347 seconds
  Import took 0.005184 seconds .

========================================================================
Received Prepare
Registering precompiled user dll's ...
Registered in 0.001422 seconds.
Begin MonoManager ReloadAssembly
Native extension for WindowsStandalone target not found
Native extension for WebGL target not found
Refreshing native plugins compatible for Editor in 0.23 ms, found 0 plugins.
Preloading 0 native plugins for Editor in 0.00 ms.
Invoked RoslynAnalysisRunner static constructor.
RoslynAnalysisRunner will not be running.
RoslynAnalysisRunner has terminated.
Mono: successfully reloaded assembly
- Completed reload, in  0.735 seconds
Platform modules already initialized, skipping
Refreshing native plugins compatible for Editor in 0.21 ms, found 0 plugins.
Preloading 0 native plugins for Editor in 0.00 ms.
Unloading 1096 Unused Serialized files (Serialized files now loaded: 0)
System memory in use before: 132.8 MB.
System memory in use after: 132.9 MB.

Unloading 7 unused Assets to reduce memory usage. Loaded Objects now: 1571.
Total: 1.840400 ms (FindLiveObjects: 0.160200 ms CreateObjectMapping: 0.045800 ms MarkObjects: 1.581900 ms  DeleteObjects: 0.051400 ms)

========================================================================
Received Import Request.
  Time since last request: 51.925953 seconds.
  path: Assets/Scripts/Player/Player.cs
  artifactKey: Guid(c57f4ef6ddc4b0c4b9f39a75b527afa6) Importer(815301076,1909f56bfc062723c751e8b465ee728b)
Start importing Assets/Scripts/Player/Player.cs using Guid(c57f4ef6ddc4b0c4b9f39a75b527afa6) Importer(815301076,1909f56bfc062723c751e8b465ee728b)  -> (artifact id: 'c356fa0d0b20a5ab858fe0fbb4c31230') in 0.004171 seconds
  Import took 0.006423 seconds .

========================================================================
Received Prepare
Registering precompiled user dll's ...
Registered in 0.001417 seconds.
Begin MonoManager ReloadAssembly
Native extension for WindowsStandalone target not found
Native extension for WebGL target not found
Refreshing native plugins compatible for Editor in 0.21 ms, found 0 plugins.
Preloading 0 native plugins for Editor in 0.00 ms.
Invoked RoslynAnalysisRunner static constructor.
RoslynAnalysisRunner will not be running.
RoslynAnalysisRunner has terminated.
Mono: successfully reloaded assembly
- Completed reload, in  0.753 seconds
Platform modules already initialized, skipping
Refreshing native plugins compatible for Editor in 0.22 ms, found 0 plugins.
Preloading 0 native plugins for Editor in 0.00 ms.
Unloading 1096 Unused Serialized files (Serialized files now loaded: 0)
System memory in use before: 132.1 MB.
System memory in use after: 132.1 MB.

Unloading 7 unused Assets to reduce memory usage. Loaded Objects now: 1573.
Total: 1.425000 ms (FindLiveObjects: 0.126500 ms CreateObjectMapping: 0.033500 ms MarkObjects: 1.223500 ms  DeleteObjects: 0.040400 ms)

========================================================================
Received Import Request.
  Time since last request: 147.942004 seconds.
  path: Assets/Scripts/Player/Player.cs
  artifactKey: Guid(c57f4ef6ddc4b0c4b9f39a75b527afa6) Importer(815301076,1909f56bfc062723c751e8b465ee728b)
Start importing Assets/Scripts/Player/Player.cs using Guid(c57f4ef6ddc4b0c4b9f39a75b527afa6) Importer(815301076,1909f56bfc062723c751e8b465ee728b)  -> (artifact id: 'c98987f8ab6873e229137dc86067500d') in 0.003633 seconds
  Import took 0.005412 seconds .

========================================================================
Received Prepare
Registering precompiled user dll's ...
Registered in 0.002105 seconds.
Begin MonoManager ReloadAssembly
Native extension for WindowsStandalone target not found
Native extension for WebGL target not found
Refreshing native plugins compatible for Editor in 0.21 ms, found 0 plugins.
Preloading 0 native plugins for Editor in 0.00 ms.
Invoked RoslynAnalysisRunner static constructor.
RoslynAnalysisRunner will not be running.
RoslynAnalysisRunner has terminated.
Mono: successfully reloaded assembly
- Completed reload, in  0.705 seconds
Platform modules already initialized, skipping
Refreshing native plugins compatible for Editor in 0.22 ms, found 0 plugins.
Preloading 0 native plugins for Editor in 0.00 ms.
Unloading 1096 Unused Serialized files (Serialized files now loaded: 0)
System memory in use before: 132.3 MB.
System memory in use after: 132.3 MB.

Unloading 7 unused Assets to reduce memory usage. Loaded Objects now: 1575.
Total: 2.083700 ms (FindLiveObjects: 0.166600 ms CreateObjectMapping: 0.046100 ms MarkObjects: 1.819800 ms  DeleteObjects: 0.049700 ms)

========================================================================
Received Prepare
Registering precompiled user dll's ...
Registered in 0.001377 seconds.
Begin MonoManager ReloadAssembly
Native extension for WindowsStandalone target not found
Native extension for WebGL target not found
Refreshing native plugins compatible for Editor in 0.22 ms, found 0 plugins.
Preloading 0 native plugins for Editor in 0.00 ms.
Invoked RoslynAnalysisRunner static constructor.
RoslynAnalysisRunner will not be running.
RoslynAnalysisRunner has terminated.
Mono: successfully reloaded assembly
- Completed reload, in  0.717 seconds
Platform modules already initialized, skipping
Refreshing native plugins compatible for Editor in 0.21 ms, found 0 plugins.
Preloading 0 native plugins for Editor in 0.00 ms.
Unloading 1096 Unused Serialized files (Serialized files now loaded: 0)
System memory in use before: 132.5 MB.
System memory in use after: 132.5 MB.

Unloading 7 unused Assets to reduce memory usage. Loaded Objects now: 1577.
Total: 1.893800 ms (FindLiveObjects: 0.195500 ms CreateObjectMapping: 0.040200 ms MarkObjects: 1.608600 ms  DeleteObjects: 0.048200 ms)

========================================================================
Received Prepare
Registering precompiled user dll's ...
Registered in 0.001372 seconds.
Begin MonoManager ReloadAssembly
Native extension for WindowsStandalone target not found
Native extension for WebGL target not found
Refreshing native plugins compatible for Editor in 0.23 ms, found 0 plugins.
Preloading 0 native plugins for Editor in 0.00 ms.
Invoked RoslynAnalysisRunner static constructor.
RoslynAnalysisRunner will not be running.
RoslynAnalysisRunner has terminated.
Mono: successfully reloaded assembly
- Completed reload, in  0.715 seconds
Platform modules already initialized, skipping
Refreshing native plugins compatible for Editor in 0.21 ms, found 0 plugins.
Preloading 0 native plugins for Editor in 0.00 ms.
Unloading 1096 Unused Serialized files (Serialized files now loaded: 0)
System memory in use before: 132.7 MB.
System memory in use after: 132.7 MB.

Unloading 7 unused Assets to reduce memory usage. Loaded Objects now: 1579.
Total: 1.417600 ms (FindLiveObjects: 0.125300 ms CreateObjectMapping: 0.033900 ms MarkObjects: 1.217500 ms  DeleteObjects: 0.040200 ms)

========================================================================
Received Prepare
Registering precompiled user dll's ...
Registered in 0.001481 seconds.
Begin MonoManager ReloadAssembly
Native extension for WindowsStandalone target not found
Native extension for WebGL target not found
Refreshing native plugins compatible for Editor in 0.35 ms, found 0 plugins.
Preloading 0 native plugins for Editor in 0.00 ms.
Invoked RoslynAnalysisRunner static constructor.
RoslynAnalysisRunner will not be running.
RoslynAnalysisRunner has terminated.
Mono: successfully reloaded assembly
- Completed reload, in  0.788 seconds
Platform modules already initialized, skipping
Refreshing native plugins compatible for Editor in 0.22 ms, found 0 plugins.
Preloading 0 native plugins for Editor in 0.00 ms.
Unloading 1096 Unused Serialized files (Serialized files now loaded: 0)
System memory in use before: 132.9 MB.
System memory in use after: 132.9 MB.

Unloading 7 unused Assets to reduce memory usage. Loaded Objects now: 1581.
Total: 1.954900 ms (FindLiveObjects: 0.200200 ms CreateObjectMapping: 0.130400 ms MarkObjects: 1.580000 ms  DeleteObjects: 0.042600 ms)

