Using pre-set license
Built from '2020.2/release' branch; Version is '2020.2.1f1 (270dd8c3da1c) revision 2559448'; Using compiler version '192528614'; Build Type 'Release'
OS: 'Windows 10  (10.0.0) 64bit' Language: 'en' Physical Memory: 16299 MB
BatchMode: 1, IsHumanControllingUs: 0, StartBugReporterOnCrash: 0, Is64bit: 1, IsPro: 0

 COMMAND LINE ARGUMENTS:
D:\Unity_2020\2020.2.1f1\Editor\Unity.exe
-adb2
-batchMode
-noUpm
-name
AssetImportWorker0
-projectPath
D:/GameDev_Unity/Unity Projects 2021/3D Survival Shooter Pro/3D Survival Shooter Pro
-logFile
Logs/AssetImportWorker0.log
-srvPort
50203
Successfully changed project path to: D:/GameDev_Unity/Unity Projects 2021/3D Survival Shooter Pro/3D Survival Shooter Pro
D:/GameDev_Unity/Unity Projects 2021/3D Survival Shooter Pro/3D Survival Shooter Pro
Using Asset Import Pipeline V2.
Refreshing native plugins compatible for Editor in 45.98 ms, found 0 plugins.
Preloading 0 native plugins for Editor in 0.00 ms.
Initialize engine version: 2020.2.1f1 (270dd8c3da1c)
[Subsystems] Discovering subsystems at path D:/Unity_2020/2020.2.1f1/Editor/Data/Resources/UnitySubsystems
[Subsystems] Discovering subsystems at path D:/GameDev_Unity/Unity Projects 2021/3D Survival Shooter Pro/3D Survival Shooter Pro/Assets
GfxDevice: creating device client; threaded=0
Direct3D:
    Version:  Direct3D 11.0 [level 11.1]
    Renderer: NVIDIA GeForce GTX 1660 (ID=0x2184)
    Vendor:   
    VRAM:     5980 MB
    Driver:   31.0.15.3699
Shader 'Universal Render Pipeline/Particles/Lit': fallback shader 'Universal Render Pipeline/Particles/SimpleLit' not found
Initialize mono
Mono path[0] = 'D:/Unity_2020/2020.2.1f1/Editor/Data/Managed'
Mono path[1] = 'D:/Unity_2020/2020.2.1f1/Editor/Data/MonoBleedingEdge/lib/mono/unityjit'
Mono config path = 'D:/Unity_2020/2020.2.1f1/Editor/Data/MonoBleedingEdge/etc'
Using monoOptions --debugger-agent=transport=dt_socket,embedding=1,server=y,suspend=n,address=127.0.0.1:56240
Begin MonoManager ReloadAssembly
Registering precompiled unity dll's ...
Register platform support module: D:/Unity_2020/2020.2.1f1/Editor/Data/PlaybackEngines/WebGLSupport/UnityEditor.WebGL.Extensions.dll
Register platform support module: D:/Unity_2020/2020.2.1f1/Editor/Data/PlaybackEngines/WindowsStandaloneSupport/UnityEditor.WindowsStandalone.Extensions.dll
Registered in 0.001597 seconds.
Native extension for WindowsStandalone target not found
Native extension for WebGL target not found
Refreshing native plugins compatible for Editor in 51.29 ms, found 0 plugins.
Preloading 0 native plugins for Editor in 0.00 ms.
Invoked RoslynAnalysisRunner static constructor.
RoslynAnalysisRunner will not be running.
RoslynAnalysisRunner has terminated.
Mono: successfully reloaded assembly
- Completed reload, in  2.558 seconds
Platform modules already initialized, skipping
Registering precompiled user dll's ...
Registered in 0.002972 seconds.
Begin MonoManager ReloadAssembly
Native extension for WindowsStandalone target not found
Native extension for WebGL target not found
Refreshing native plugins compatible for Editor in 48.74 ms, found 0 plugins.
Preloading 0 native plugins for Editor in 0.00 ms.
Invoked RoslynAnalysisRunner static constructor.
RoslynAnalysisRunner will not be running.
RoslynAnalysisRunner has terminated.
Mono: successfully reloaded assembly
- Completed reload, in  1.612 seconds
Platform modules already initialized, skipping
========================================================================
Worker process is ready to serve import requests
Shader 'Universal Render Pipeline/Particles/Lit': fallback shader 'Universal Render Pipeline/Particles/SimpleLit' not found
Launched and connected shader compiler UnityShaderCompiler.exe after 0.04 seconds
Refreshing native plugins compatible for Editor in 0.45 ms, found 0 plugins.
Preloading 0 native plugins for Editor in 0.00 ms.
Unloading 2697 Unused Serialized files (Serialized files now loaded: 0)
System memory in use before: 197.0 MB.
System memory in use after: 197.1 MB.

Unloading 14 unused Assets to reduce memory usage. Loaded Objects now: 3141.
Total: 2.278900 ms (FindLiveObjects: 0.268100 ms CreateObjectMapping: 0.148400 ms MarkObjects: 1.791800 ms  DeleteObjects: 0.069600 ms)

========================================================================
Received Import Request.
  path: Assets/Materials/FlameBarrel.mat
  artifactKey: Guid(dbf80246c8a1c2b48bc0ea30c036f97c) Importer(815301076,1909f56bfc062723c751e8b465ee728b)
Start importing Assets/Materials/FlameBarrel.mat using Guid(dbf80246c8a1c2b48bc0ea30c036f97c) Importer(815301076,1909f56bfc062723c751e8b465ee728b)  -> (artifact id: 'b851d1bb2e83914dc44ade3caaf0bd4f') in 0.564141 seconds
  Import took 0.573961 seconds .

========================================================================
Received Prepare
Registering precompiled user dll's ...
Registered in 0.002844 seconds.
Begin MonoManager ReloadAssembly
Native extension for WindowsStandalone target not found
Native extension for WebGL target not found
Refreshing native plugins compatible for Editor in 0.45 ms, found 0 plugins.
Preloading 0 native plugins for Editor in 0.00 ms.
Invoked RoslynAnalysisRunner static constructor.
RoslynAnalysisRunner will not be running.
RoslynAnalysisRunner has terminated.
Mono: successfully reloaded assembly
- Completed reload, in  0.938 seconds
Platform modules already initialized, skipping
Shader 'Universal Render Pipeline/Particles/Lit': fallback shader 'Universal Render Pipeline/Particles/SimpleLit' not found
Refreshing native plugins compatible for Editor in 0.46 ms, found 0 plugins.
Preloading 0 native plugins for Editor in 0.00 ms.
Unloading 2607 Unused Serialized files (Serialized files now loaded: 0)
System memory in use before: 194.5 MB.
System memory in use after: 194.7 MB.

Unloading 9 unused Assets to reduce memory usage. Loaded Objects now: 3183.
Total: 2.683200 ms (FindLiveObjects: 0.307100 ms CreateObjectMapping: 0.159300 ms MarkObjects: 2.148800 ms  DeleteObjects: 0.067000 ms)

========================================================================
Received Prepare
Registering precompiled user dll's ...
Registered in 0.002913 seconds.
Begin MonoManager ReloadAssembly
Native extension for WindowsStandalone target not found
Native extension for WebGL target not found
Refreshing native plugins compatible for Editor in 0.46 ms, found 0 plugins.
Preloading 0 native plugins for Editor in 0.00 ms.
Invoked RoslynAnalysisRunner static constructor.
RoslynAnalysisRunner will not be running.
RoslynAnalysisRunner has terminated.
Mono: successfully reloaded assembly
- Completed reload, in  0.920 seconds
Platform modules already initialized, skipping
Shader 'Universal Render Pipeline/Particles/Lit': fallback shader 'Universal Render Pipeline/Particles/SimpleLit' not found
Refreshing native plugins compatible for Editor in 0.47 ms, found 0 plugins.
Preloading 0 native plugins for Editor in 0.00 ms.
Unloading 2607 Unused Serialized files (Serialized files now loaded: 0)
System memory in use before: 194.6 MB.
System memory in use after: 194.8 MB.

Unloading 9 unused Assets to reduce memory usage. Loaded Objects now: 3185.
Total: 2.956800 ms (FindLiveObjects: 0.299200 ms CreateObjectMapping: 0.170200 ms MarkObjects: 2.416300 ms  DeleteObjects: 0.070100 ms)

========================================================================
Received Import Request.
  Time since last request: 2791.199834 seconds.
  path: Assets/Prefabs/High RIse Building 48.prefab
  artifactKey: Guid(ffba0ca0232dbe64bae3e9ebb3f58eff) Importer(815301076,1909f56bfc062723c751e8b465ee728b)
Start importing Assets/Prefabs/High RIse Building 48.prefab using Guid(ffba0ca0232dbe64bae3e9ebb3f58eff) Importer(815301076,1909f56bfc062723c751e8b465ee728b)  -> (artifact id: 'f2d611b426273dbe2feb4591f40e7ab8') in 0.146651 seconds
  Import took 0.153504 seconds .

========================================================================
Received Prepare
Registering precompiled user dll's ...
Registered in 0.002915 seconds.
Begin MonoManager ReloadAssembly
Native extension for WindowsStandalone target not found
Native extension for WebGL target not found
Refreshing native plugins compatible for Editor in 0.46 ms, found 0 plugins.
Preloading 0 native plugins for Editor in 0.00 ms.
Invoked RoslynAnalysisRunner static constructor.
RoslynAnalysisRunner will not be running.
RoslynAnalysisRunner has terminated.
Mono: successfully reloaded assembly
- Completed reload, in  0.973 seconds
Platform modules already initialized, skipping
Shader 'Universal Render Pipeline/Particles/Lit': fallback shader 'Universal Render Pipeline/Particles/SimpleLit' not found
Refreshing native plugins compatible for Editor in 0.46 ms, found 0 plugins.
Preloading 0 native plugins for Editor in 0.00 ms.
Unloading 2607 Unused Serialized files (Serialized files now loaded: 0)
System memory in use before: 194.6 MB.
System memory in use after: 194.8 MB.

Unloading 9 unused Assets to reduce memory usage. Loaded Objects now: 3188.
Total: 2.994200 ms (FindLiveObjects: 0.310200 ms CreateObjectMapping: 0.165400 ms MarkObjects: 2.451100 ms  DeleteObjects: 0.066100 ms)

========================================================================
Received Import Request.
  Time since last request: 1680.501011 seconds.
  path: Assets/Scripts/Enemy/EnemyAI.cs
  artifactKey: Guid(ee0b7a2fd6e64e54bab3d16cfa5c76e0) Importer(815301076,1909f56bfc062723c751e8b465ee728b)
Start importing Assets/Scripts/Enemy/EnemyAI.cs using Guid(ee0b7a2fd6e64e54bab3d16cfa5c76e0) Importer(815301076,1909f56bfc062723c751e8b465ee728b)  -> (artifact id: 'b7970bf13ce22f18ac39f3faab16583a') in 0.179098 seconds
  Import took 0.184516 seconds .

========================================================================
Received Import Request.
  Time since last request: 48.408348 seconds.
  path: Assets/GameDevHQ/FileBase/3D/Props/Weapons/Baretta/Additional_Gun_Folder/Gun_Animation/Model.controller
  artifactKey: Guid(5e1312e14a9efb5479270986e7289f04) Importer(815301076,1909f56bfc062723c751e8b465ee728b)
Start importing Assets/GameDevHQ/FileBase/3D/Props/Weapons/Baretta/Additional_Gun_Folder/Gun_Animation/Model.controller using Guid(5e1312e14a9efb5479270986e7289f04) Importer(815301076,1909f56bfc062723c751e8b465ee728b)  -> (artifact id: 'e6faad5193f224bf76cdc9225b884ad1') in 0.043207 seconds
  Import took 0.047739 seconds .

========================================================================
Received Import Request.
  Time since last request: 7.106786 seconds.
  path: Assets/Scenes/ZombieShooterDemo/NavMesh.asset
  artifactKey: Guid(a524640d3d98dac49812624177910da4) Importer(815301076,1909f56bfc062723c751e8b465ee728b)
Start importing Assets/Scenes/ZombieShooterDemo/NavMesh.asset using Guid(a524640d3d98dac49812624177910da4) Importer(815301076,1909f56bfc062723c751e8b465ee728b)  -> (artifact id: 'e381f64c1208f823f109e2b3115121ca') in 0.032684 seconds
  Import took 0.037491 seconds .

========================================================================
Received Prepare
Registering precompiled user dll's ...
Registered in 0.003478 seconds.
Begin MonoManager ReloadAssembly
Native extension for WindowsStandalone target not found
Native extension for WebGL target not found
Refreshing native plugins compatible for Editor in 0.46 ms, found 0 plugins.
Preloading 0 native plugins for Editor in 0.00 ms.
Invoked RoslynAnalysisRunner static constructor.
RoslynAnalysisRunner will not be running.
RoslynAnalysisRunner has terminated.
Mono: successfully reloaded assembly
- Completed reload, in  0.945 seconds
Platform modules already initialized, skipping
Shader 'Universal Render Pipeline/Particles/Lit': fallback shader 'Universal Render Pipeline/Particles/SimpleLit' not found
Refreshing native plugins compatible for Editor in 0.50 ms, found 0 plugins.
Preloading 0 native plugins for Editor in 0.00 ms.
Unloading 2607 Unused Serialized files (Serialized files now loaded: 0)
System memory in use before: 194.7 MB.
System memory in use after: 194.9 MB.

Unloading 9 unused Assets to reduce memory usage. Loaded Objects now: 3190.
Total: 2.353100 ms (FindLiveObjects: 0.258800 ms CreateObjectMapping: 0.123600 ms MarkObjects: 1.914300 ms  DeleteObjects: 0.055600 ms)

========================================================================
Received Import Request.
  Time since last request: 42.158325 seconds.
  path: Assets/Prefabs/Enemy.prefab
  artifactKey: Guid(4335e2b96a6ae2045b7fb408b60a7436) Importer(815301076,1909f56bfc062723c751e8b465ee728b)
Start importing Assets/Prefabs/Enemy.prefab using Guid(4335e2b96a6ae2045b7fb408b60a7436) Importer(815301076,1909f56bfc062723c751e8b465ee728b)  -> (artifact id: '6acbe0acbd5cd39bde2bfd10fe9e56d8') in 0.149248 seconds
  Import took 0.160903 seconds .

========================================================================
Received Import Request.
  Time since last request: 4.907795 seconds.
  path: Assets/Prefabs/Enemy.prefab
  artifactKey: Guid(4335e2b96a6ae2045b7fb408b60a7436) Importer(815301076,1909f56bfc062723c751e8b465ee728b)
Start importing Assets/Prefabs/Enemy.prefab using Guid(4335e2b96a6ae2045b7fb408b60a7436) Importer(815301076,1909f56bfc062723c751e8b465ee728b)  -> (artifact id: 'c6a6a1e49dd295ed71399c4eaf33cc23') in 0.088914 seconds
  Import took 0.093506 seconds .

========================================================================
Received Import Request.
  Time since last request: 148.901654 seconds.
  path: Assets/Mixamo_Animations/Zombie Idle.fbx
  artifactKey: Guid(91a85a7f4e14f4b41a95c2f5229767a6) Importer(815301076,1909f56bfc062723c751e8b465ee728b)
Start importing Assets/Mixamo_Animations/Zombie Idle.fbx using Guid(91a85a7f4e14f4b41a95c2f5229767a6) Importer(815301076,1909f56bfc062723c751e8b465ee728b)  -> (artifact id: 'ffe260c2bc36b64e725fa5884dc658cf') in 0.134887 seconds
  Import took 0.140675 seconds .

========================================================================
Received Import Request.
  Time since last request: 24.675331 seconds.
  path: Assets/GameDevHQ/FileBase/3D/Characters/Humans/Zombie_Sample/Animation/Zombie Controller.controller
  artifactKey: Guid(7642fbfcea6e1aa41b79966fedf457eb) Importer(815301076,1909f56bfc062723c751e8b465ee728b)
Start importing Assets/GameDevHQ/FileBase/3D/Characters/Humans/Zombie_Sample/Animation/Zombie Controller.controller using Guid(7642fbfcea6e1aa41b79966fedf457eb) Importer(815301076,1909f56bfc062723c751e8b465ee728b)  -> (artifact id: '7cea67fe2cf7fbc05276601b54353733') in 0.111315 seconds
  Import took 0.116662 seconds .

========================================================================
Received Prepare
Registering precompiled user dll's ...
Registered in 0.003008 seconds.
Begin MonoManager ReloadAssembly
Native extension for WindowsStandalone target not found
Native extension for WebGL target not found
Refreshing native plugins compatible for Editor in 0.45 ms, found 0 plugins.
Preloading 0 native plugins for Editor in 0.00 ms.
Invoked RoslynAnalysisRunner static constructor.
RoslynAnalysisRunner will not be running.
RoslynAnalysisRunner has terminated.
Mono: successfully reloaded assembly
- Completed reload, in  0.937 seconds
Platform modules already initialized, skipping
Shader 'Universal Render Pipeline/Particles/Lit': fallback shader 'Universal Render Pipeline/Particles/SimpleLit' not found
Refreshing native plugins compatible for Editor in 0.46 ms, found 0 plugins.
Preloading 0 native plugins for Editor in 0.00 ms.
Unloading 2607 Unused Serialized files (Serialized files now loaded: 0)
System memory in use before: 205.8 MB.
System memory in use after: 206.0 MB.

Unloading 9 unused Assets to reduce memory usage. Loaded Objects now: 3197.
Total: 2.381000 ms (FindLiveObjects: 0.255400 ms CreateObjectMapping: 0.121600 ms MarkObjects: 1.955500 ms  DeleteObjects: 0.047500 ms)

========================================================================
Received Import Request.
  Time since last request: 177.364143 seconds.
  path: Assets/Scripts/Enemy/EnemyAI.cs
  artifactKey: Guid(ee0b7a2fd6e64e54bab3d16cfa5c76e0) Importer(815301076,1909f56bfc062723c751e8b465ee728b)
Start importing Assets/Scripts/Enemy/EnemyAI.cs using Guid(ee0b7a2fd6e64e54bab3d16cfa5c76e0) Importer(815301076,1909f56bfc062723c751e8b465ee728b)  -> (artifact id: '7eacf41e82e5d720acc854c4cf0078ea') in 0.011126 seconds
  Import took 0.016126 seconds .

========================================================================
Received Import Request.
  Time since last request: 2.961789 seconds.
  path: Assets/Prefabs/Enemy.prefab
  artifactKey: Guid(4335e2b96a6ae2045b7fb408b60a7436) Importer(815301076,1909f56bfc062723c751e8b465ee728b)
Start importing Assets/Prefabs/Enemy.prefab using Guid(4335e2b96a6ae2045b7fb408b60a7436) Importer(815301076,1909f56bfc062723c751e8b465ee728b)  -> (artifact id: '7bec6460996712bcf27644857068608a') in 0.137073 seconds
  Import took 0.142399 seconds .

========================================================================
Received Import Request.
  Time since last request: 0.000259 seconds.
  path: Assets/Prefabs/Zombie_Rigged.prefab
  artifactKey: Guid(6ebe86a6dcd73834b86ad1ab5ceb6432) Importer(815301076,1909f56bfc062723c751e8b465ee728b)
Start importing Assets/Prefabs/Zombie_Rigged.prefab using Guid(6ebe86a6dcd73834b86ad1ab5ceb6432) Importer(815301076,1909f56bfc062723c751e8b465ee728b)  -> (artifact id: 'a48609b6d10c9f4feeb554c263b1a303') in 0.108381 seconds
  Import took 0.112761 seconds .

========================================================================
Received Prepare
Registering precompiled user dll's ...
Registered in 0.002830 seconds.
Begin MonoManager ReloadAssembly
Native extension for WindowsStandalone target not found
Native extension for WebGL target not found
Refreshing native plugins compatible for Editor in 0.46 ms, found 0 plugins.
Preloading 0 native plugins for Editor in 0.00 ms.
Invoked RoslynAnalysisRunner static constructor.
RoslynAnalysisRunner will not be running.
RoslynAnalysisRunner has terminated.
Mono: successfully reloaded assembly
- Completed reload, in  0.936 seconds
Platform modules already initialized, skipping
Shader 'Universal Render Pipeline/Particles/Lit': fallback shader 'Universal Render Pipeline/Particles/SimpleLit' not found
Refreshing native plugins compatible for Editor in 0.47 ms, found 0 plugins.
Preloading 0 native plugins for Editor in 0.00 ms.
Unloading 2607 Unused Serialized files (Serialized files now loaded: 0)
System memory in use before: 205.9 MB.
System memory in use after: 206.1 MB.

Unloading 9 unused Assets to reduce memory usage. Loaded Objects now: 3200.
Total: 2.839500 ms (FindLiveObjects: 0.260300 ms CreateObjectMapping: 0.119200 ms MarkObjects: 2.395800 ms  DeleteObjects: 0.062900 ms)

========================================================================
Received Prepare
Registering precompiled user dll's ...
Registered in 0.003031 seconds.
Begin MonoManager ReloadAssembly
Native extension for WindowsStandalone target not found
Native extension for WebGL target not found
Refreshing native plugins compatible for Editor in 0.47 ms, found 0 plugins.
Preloading 0 native plugins for Editor in 0.00 ms.
Invoked RoslynAnalysisRunner static constructor.
RoslynAnalysisRunner will not be running.
RoslynAnalysisRunner has terminated.
Mono: successfully reloaded assembly
- Completed reload, in  0.937 seconds
Platform modules already initialized, skipping
Shader 'Universal Render Pipeline/Particles/Lit': fallback shader 'Universal Render Pipeline/Particles/SimpleLit' not found
Refreshing native plugins compatible for Editor in 0.47 ms, found 0 plugins.
Preloading 0 native plugins for Editor in 0.00 ms.
Unloading 2607 Unused Serialized files (Serialized files now loaded: 0)
System memory in use before: 205.9 MB.
System memory in use after: 206.1 MB.

Unloading 9 unused Assets to reduce memory usage. Loaded Objects now: 3202.
Total: 2.393500 ms (FindLiveObjects: 0.246900 ms CreateObjectMapping: 0.104400 ms MarkObjects: 1.984800 ms  DeleteObjects: 0.056500 ms)

========================================================================
Received Import Request.
  Time since last request: 337.701937 seconds.
  path: Assets/GameDevHQ/FileBase/3D/Characters/Humans/Zombie_Sample/Animation/Zombie Controller.controller
  artifactKey: Guid(7642fbfcea6e1aa41b79966fedf457eb) Importer(815301076,1909f56bfc062723c751e8b465ee728b)
Start importing Assets/GameDevHQ/FileBase/3D/Characters/Humans/Zombie_Sample/Animation/Zombie Controller.controller using Guid(7642fbfcea6e1aa41b79966fedf457eb) Importer(815301076,1909f56bfc062723c751e8b465ee728b)  -> (artifact id: '1c2a1bee94d4707ec3426fb2717ddb35') in 0.091653 seconds
  Import took 0.101786 seconds .

========================================================================
Received Prepare
Registering precompiled user dll's ...
Registered in 0.003037 seconds.
Begin MonoManager ReloadAssembly
Native extension for WindowsStandalone target not found
Native extension for WebGL target not found
Refreshing native plugins compatible for Editor in 0.46 ms, found 0 plugins.
Preloading 0 native plugins for Editor in 0.00 ms.
Invoked RoslynAnalysisRunner static constructor.
RoslynAnalysisRunner will not be running.
RoslynAnalysisRunner has terminated.
Mono: successfully reloaded assembly
- Completed reload, in  0.940 seconds
Platform modules already initialized, skipping
Shader 'Universal Render Pipeline/Particles/Lit': fallback shader 'Universal Render Pipeline/Particles/SimpleLit' not found
Refreshing native plugins compatible for Editor in 0.45 ms, found 0 plugins.
Preloading 0 native plugins for Editor in 0.00 ms.
Unloading 2607 Unused Serialized files (Serialized files now loaded: 0)
System memory in use before: 205.9 MB.
System memory in use after: 206.1 MB.

Unloading 9 unused Assets to reduce memory usage. Loaded Objects now: 3204.
Total: 2.273300 ms (FindLiveObjects: 0.262700 ms CreateObjectMapping: 0.120500 ms MarkObjects: 1.836600 ms  DeleteObjects: 0.052500 ms)

========================================================================
Received Import Request.
  Time since last request: 137.525187 seconds.
  path: Assets/Mixamo_Animations/Zombie Idle.fbx
  artifactKey: Guid(91a85a7f4e14f4b41a95c2f5229767a6) Importer(815301076,1909f56bfc062723c751e8b465ee728b)
Start importing Assets/Mixamo_Animations/Zombie Idle.fbx using Guid(91a85a7f4e14f4b41a95c2f5229767a6) Importer(815301076,1909f56bfc062723c751e8b465ee728b)  -> (artifact id: 'fe862e4110b8ba30f503654d6c6e535b') in 0.087649 seconds
  Import took 0.091874 seconds .

========================================================================
Received Import Request.
  Time since last request: 10.888913 seconds.
  path: Assets/Mixamo_Animations/Zombie Idle.fbx
  artifactKey: Guid(91a85a7f4e14f4b41a95c2f5229767a6) Importer(815301076,1909f56bfc062723c751e8b465ee728b)
Start importing Assets/Mixamo_Animations/Zombie Idle.fbx using Guid(91a85a7f4e14f4b41a95c2f5229767a6) Importer(815301076,1909f56bfc062723c751e8b465ee728b)  -> (artifact id: '5dae073bf045c5cf454807a76c58f65d') in 0.026548 seconds
  Import took 0.030810 seconds .

========================================================================
Received Import Request.
  Time since last request: 21.686579 seconds.
  path: Assets/Mixamo_Animations/Zombie Idle.fbx
  artifactKey: Guid(91a85a7f4e14f4b41a95c2f5229767a6) Importer(815301076,1909f56bfc062723c751e8b465ee728b)
Start importing Assets/Mixamo_Animations/Zombie Idle.fbx using Guid(91a85a7f4e14f4b41a95c2f5229767a6) Importer(815301076,1909f56bfc062723c751e8b465ee728b)  -> (artifact id: '9fc646be3e6fd85aab19052187033ef8') in 0.027377 seconds
  Import took 0.031688 seconds .

========================================================================
Received Prepare
Registering precompiled user dll's ...
Registered in 0.003796 seconds.
Begin MonoManager ReloadAssembly
Native extension for WindowsStandalone target not found
Native extension for WebGL target not found
Refreshing native plugins compatible for Editor in 0.47 ms, found 0 plugins.
Preloading 0 native plugins for Editor in 0.00 ms.
Invoked RoslynAnalysisRunner static constructor.
RoslynAnalysisRunner will not be running.
RoslynAnalysisRunner has terminated.
Mono: successfully reloaded assembly
- Completed reload, in  0.959 seconds
Platform modules already initialized, skipping
Shader 'Universal Render Pipeline/Particles/Lit': fallback shader 'Universal Render Pipeline/Particles/SimpleLit' not found
Refreshing native plugins compatible for Editor in 0.53 ms, found 0 plugins.
Preloading 0 native plugins for Editor in 0.00 ms.
Unloading 2607 Unused Serialized files (Serialized files now loaded: 0)
System memory in use before: 205.9 MB.
System memory in use after: 206.1 MB.

Unloading 9 unused Assets to reduce memory usage. Loaded Objects now: 3207.
Total: 2.627200 ms (FindLiveObjects: 0.270200 ms CreateObjectMapping: 0.137600 ms MarkObjects: 2.167200 ms  DeleteObjects: 0.051100 ms)

========================================================================
Received Import Request.
  Time since last request: 36.608616 seconds.
  path: Assets/Mixamo_Animations/Zombie Idle.fbx
  artifactKey: Guid(91a85a7f4e14f4b41a95c2f5229767a6) Importer(815301076,1909f56bfc062723c751e8b465ee728b)
Start importing Assets/Mixamo_Animations/Zombie Idle.fbx using Guid(91a85a7f4e14f4b41a95c2f5229767a6) Importer(815301076,1909f56bfc062723c751e8b465ee728b)  -> (artifact id: '69f809683cd74d0e2ba1e5f21c585288') in 0.084553 seconds
  Import took 0.088990 seconds .

========================================================================
Received Prepare
Registering precompiled user dll's ...
Registered in 0.002861 seconds.
Begin MonoManager ReloadAssembly
Native extension for WindowsStandalone target not found
Native extension for WebGL target not found
Refreshing native plugins compatible for Editor in 0.46 ms, found 0 plugins.
Preloading 0 native plugins for Editor in 0.00 ms.
Invoked RoslynAnalysisRunner static constructor.
RoslynAnalysisRunner will not be running.
RoslynAnalysisRunner has terminated.
Mono: successfully reloaded assembly
- Completed reload, in  0.929 seconds
Platform modules already initialized, skipping
Shader 'Universal Render Pipeline/Particles/Lit': fallback shader 'Universal Render Pipeline/Particles/SimpleLit' not found
Refreshing native plugins compatible for Editor in 0.46 ms, found 0 plugins.
Preloading 0 native plugins for Editor in 0.00 ms.
Unloading 2607 Unused Serialized files (Serialized files now loaded: 0)
System memory in use before: 205.9 MB.
System memory in use after: 206.1 MB.

Unloading 9 unused Assets to reduce memory usage. Loaded Objects now: 3210.
Total: 3.080900 ms (FindLiveObjects: 0.307400 ms CreateObjectMapping: 0.163800 ms MarkObjects: 2.545500 ms  DeleteObjects: 0.063000 ms)

========================================================================
Received Prepare
Registering precompiled user dll's ...
Registered in 0.002996 seconds.
Begin MonoManager ReloadAssembly
Native extension for WindowsStandalone target not found
Native extension for WebGL target not found
Refreshing native plugins compatible for Editor in 0.46 ms, found 0 plugins.
Preloading 0 native plugins for Editor in 0.00 ms.
Invoked RoslynAnalysisRunner static constructor.
RoslynAnalysisRunner will not be running.
RoslynAnalysisRunner has terminated.
Mono: successfully reloaded assembly
- Completed reload, in  0.943 seconds
Platform modules already initialized, skipping
Shader 'Universal Render Pipeline/Particles/Lit': fallback shader 'Universal Render Pipeline/Particles/SimpleLit' not found
Refreshing native plugins compatible for Editor in 0.46 ms, found 0 plugins.
Preloading 0 native plugins for Editor in 0.00 ms.
Unloading 2607 Unused Serialized files (Serialized files now loaded: 0)
System memory in use before: 206.0 MB.
System memory in use after: 206.2 MB.

Unloading 9 unused Assets to reduce memory usage. Loaded Objects now: 3212.
Total: 2.519100 ms (FindLiveObjects: 0.295700 ms CreateObjectMapping: 0.147700 ms MarkObjects: 2.018900 ms  DeleteObjects: 0.055300 ms)

========================================================================
Received Prepare
Registering precompiled user dll's ...
Registered in 0.002873 seconds.
Begin MonoManager ReloadAssembly
Native extension for WindowsStandalone target not found
Native extension for WebGL target not found
Refreshing native plugins compatible for Editor in 0.49 ms, found 0 plugins.
Preloading 0 native plugins for Editor in 0.00 ms.
Invoked RoslynAnalysisRunner static constructor.
RoslynAnalysisRunner will not be running.
RoslynAnalysisRunner has terminated.
Mono: successfully reloaded assembly
- Completed reload, in  0.954 seconds
Platform modules already initialized, skipping
Shader 'Universal Render Pipeline/Particles/Lit': fallback shader 'Universal Render Pipeline/Particles/SimpleLit' not found
Refreshing native plugins compatible for Editor in 0.45 ms, found 0 plugins.
Preloading 0 native plugins for Editor in 0.00 ms.
Unloading 2607 Unused Serialized files (Serialized files now loaded: 0)
System memory in use before: 206.0 MB.
System memory in use after: 206.2 MB.

Unloading 9 unused Assets to reduce memory usage. Loaded Objects now: 3214.
Total: 3.087900 ms (FindLiveObjects: 0.293800 ms CreateObjectMapping: 0.163800 ms MarkObjects: 2.563500 ms  DeleteObjects: 0.065500 ms)

========================================================================
Received Prepare
Registering precompiled user dll's ...
Registered in 0.002971 seconds.
Begin MonoManager ReloadAssembly
Native extension for WindowsStandalone target not found
Native extension for WebGL target not found
Refreshing native plugins compatible for Editor in 0.46 ms, found 0 plugins.
Preloading 0 native plugins for Editor in 0.00 ms.
Invoked RoslynAnalysisRunner static constructor.
RoslynAnalysisRunner will not be running.
RoslynAnalysisRunner has terminated.
Mono: successfully reloaded assembly
- Completed reload, in  0.945 seconds
Platform modules already initialized, skipping
Shader 'Universal Render Pipeline/Particles/Lit': fallback shader 'Universal Render Pipeline/Particles/SimpleLit' not found
Refreshing native plugins compatible for Editor in 0.49 ms, found 0 plugins.
Preloading 0 native plugins for Editor in 0.00 ms.
Unloading 2607 Unused Serialized files (Serialized files now loaded: 0)
System memory in use before: 206.0 MB.
System memory in use after: 206.2 MB.

Unloading 9 unused Assets to reduce memory usage. Loaded Objects now: 3216.
Total: 2.720000 ms (FindLiveObjects: 0.306400 ms CreateObjectMapping: 0.174600 ms MarkObjects: 2.180000 ms  DeleteObjects: 0.058000 ms)

========================================================================
Received Prepare
Registering precompiled user dll's ...
Registered in 0.002826 seconds.
Begin MonoManager ReloadAssembly
Native extension for WindowsStandalone target not found
Native extension for WebGL target not found
Refreshing native plugins compatible for Editor in 0.45 ms, found 0 plugins.
Preloading 0 native plugins for Editor in 0.00 ms.
Invoked RoslynAnalysisRunner static constructor.
RoslynAnalysisRunner will not be running.
RoslynAnalysisRunner has terminated.
Mono: successfully reloaded assembly
- Completed reload, in  0.941 seconds
Platform modules already initialized, skipping
Shader 'Universal Render Pipeline/Particles/Lit': fallback shader 'Universal Render Pipeline/Particles/SimpleLit' not found
Refreshing native plugins compatible for Editor in 0.51 ms, found 0 plugins.
Preloading 0 native plugins for Editor in 0.00 ms.
Unloading 2607 Unused Serialized files (Serialized files now loaded: 0)
System memory in use before: 206.0 MB.
System memory in use after: 206.2 MB.

Unloading 9 unused Assets to reduce memory usage. Loaded Objects now: 3218.
Total: 2.596800 ms (FindLiveObjects: 0.291600 ms CreateObjectMapping: 0.149700 ms MarkObjects: 2.099100 ms  DeleteObjects: 0.055000 ms)

========================================================================
Received Prepare
Registering precompiled user dll's ...
Registered in 0.003051 seconds.
Begin MonoManager ReloadAssembly
Native extension for WindowsStandalone target not found
Native extension for WebGL target not found
Refreshing native plugins compatible for Editor in 0.45 ms, found 0 plugins.
Preloading 0 native plugins for Editor in 0.00 ms.
Invoked RoslynAnalysisRunner static constructor.
RoslynAnalysisRunner will not be running.
RoslynAnalysisRunner has terminated.
Mono: successfully reloaded assembly
- Completed reload, in  0.935 seconds
Platform modules already initialized, skipping
Shader 'Universal Render Pipeline/Particles/Lit': fallback shader 'Universal Render Pipeline/Particles/SimpleLit' not found
Refreshing native plugins compatible for Editor in 0.46 ms, found 0 plugins.
Preloading 0 native plugins for Editor in 0.00 ms.
Unloading 2607 Unused Serialized files (Serialized files now loaded: 0)
System memory in use before: 205.9 MB.
System memory in use after: 206.1 MB.

Unloading 9 unused Assets to reduce memory usage. Loaded Objects now: 3220.
Total: 2.516900 ms (FindLiveObjects: 0.311200 ms CreateObjectMapping: 0.140200 ms MarkObjects: 2.004700 ms  DeleteObjects: 0.059700 ms)

========================================================================
Received Prepare
Registering precompiled user dll's ...
Registered in 0.002889 seconds.
Begin MonoManager ReloadAssembly
Native extension for WindowsStandalone target not found
Native extension for WebGL target not found
Refreshing native plugins compatible for Editor in 0.47 ms, found 0 plugins.
Preloading 0 native plugins for Editor in 0.00 ms.
Invoked RoslynAnalysisRunner static constructor.
RoslynAnalysisRunner will not be running.
RoslynAnalysisRunner has terminated.
Mono: successfully reloaded assembly
- Completed reload, in  0.958 seconds
Platform modules already initialized, skipping
Shader 'Universal Render Pipeline/Particles/Lit': fallback shader 'Universal Render Pipeline/Particles/SimpleLit' not found
Refreshing native plugins compatible for Editor in 0.45 ms, found 0 plugins.
Preloading 0 native plugins for Editor in 0.00 ms.
Unloading 2607 Unused Serialized files (Serialized files now loaded: 0)
System memory in use before: 205.9 MB.
System memory in use after: 206.1 MB.

Unloading 9 unused Assets to reduce memory usage. Loaded Objects now: 3222.
Total: 3.224300 ms (FindLiveObjects: 0.384400 ms CreateObjectMapping: 0.253700 ms MarkObjects: 2.526600 ms  DeleteObjects: 0.058100 ms)

========================================================================
Received Import Request.
  Time since last request: 391.260936 seconds.
  path: Assets/GameDevHQ/FileBase/3D/Characters/Humans/Zombie_Sample/Animation/Scream.anim
  artifactKey: Guid(c71644359ec2a4f53a5de9456f05468d) Importer(815301076,1909f56bfc062723c751e8b465ee728b)
Start importing Assets/GameDevHQ/FileBase/3D/Characters/Humans/Zombie_Sample/Animation/Scream.anim using Guid(c71644359ec2a4f53a5de9456f05468d) Importer(815301076,1909f56bfc062723c751e8b465ee728b)  -> (artifact id: '946ef82a6c48e3faa1e0be2d55e3aba2') in 0.063999 seconds
  Import took 0.068666 seconds .

========================================================================
Received Prepare
Registering precompiled user dll's ...
Registered in 0.002896 seconds.
Begin MonoManager ReloadAssembly
Native extension for WindowsStandalone target not found
Native extension for WebGL target not found
Refreshing native plugins compatible for Editor in 0.45 ms, found 0 plugins.
Preloading 0 native plugins for Editor in 0.00 ms.
Invoked RoslynAnalysisRunner static constructor.
RoslynAnalysisRunner will not be running.
RoslynAnalysisRunner has terminated.
Mono: successfully reloaded assembly
- Completed reload, in  0.934 seconds
Platform modules already initialized, skipping
Shader 'Universal Render Pipeline/Particles/Lit': fallback shader 'Universal Render Pipeline/Particles/SimpleLit' not found
Refreshing native plugins compatible for Editor in 0.45 ms, found 0 plugins.
Preloading 0 native plugins for Editor in 0.00 ms.
Unloading 2607 Unused Serialized files (Serialized files now loaded: 0)
System memory in use before: 207.0 MB.
System memory in use after: 207.2 MB.

Unloading 9 unused Assets to reduce memory usage. Loaded Objects now: 3224.
Total: 2.775600 ms (FindLiveObjects: 0.301900 ms CreateObjectMapping: 0.145200 ms MarkObjects: 2.271100 ms  DeleteObjects: 0.056000 ms)

========================================================================
Received Prepare
Registering precompiled user dll's ...
Registered in 0.002871 seconds.
Begin MonoManager ReloadAssembly
Native extension for WindowsStandalone target not found
Native extension for WebGL target not found
Refreshing native plugins compatible for Editor in 0.48 ms, found 0 plugins.
Preloading 0 native plugins for Editor in 0.00 ms.
Invoked RoslynAnalysisRunner static constructor.
RoslynAnalysisRunner will not be running.
RoslynAnalysisRunner has terminated.
Mono: successfully reloaded assembly
- Completed reload, in  0.934 seconds
Platform modules already initialized, skipping
Shader 'Universal Render Pipeline/Particles/Lit': fallback shader 'Universal Render Pipeline/Particles/SimpleLit' not found
Refreshing native plugins compatible for Editor in 0.45 ms, found 0 plugins.
Preloading 0 native plugins for Editor in 0.00 ms.
Unloading 2607 Unused Serialized files (Serialized files now loaded: 0)
System memory in use before: 206.0 MB.
System memory in use after: 206.2 MB.

Unloading 9 unused Assets to reduce memory usage. Loaded Objects now: 3226.
Total: 2.741400 ms (FindLiveObjects: 0.273200 ms CreateObjectMapping: 0.142700 ms MarkObjects: 2.269200 ms  DeleteObjects: 0.055200 ms)

========================================================================
Received Import Request.
  Time since last request: 283.317261 seconds.
  path: Assets/Animations/Reload.anim
  artifactKey: Guid(fe0791a7f8ff7ed4e9944cf066af188d) Importer(815301076,1909f56bfc062723c751e8b465ee728b)
Start importing Assets/Animations/Reload.anim using Guid(fe0791a7f8ff7ed4e9944cf066af188d) Importer(815301076,1909f56bfc062723c751e8b465ee728b)  -> (artifact id: 'd58cfc46917f0fa55e372e61d7d47c0b') in 0.029843 seconds
  Import took 0.033818 seconds .

========================================================================
Received Prepare
Registering precompiled user dll's ...
Registered in 0.002870 seconds.
Begin MonoManager ReloadAssembly
Native extension for WindowsStandalone target not found
Native extension for WebGL target not found
Refreshing native plugins compatible for Editor in 0.46 ms, found 0 plugins.
Preloading 0 native plugins for Editor in 0.00 ms.
Invoked RoslynAnalysisRunner static constructor.
RoslynAnalysisRunner will not be running.
RoslynAnalysisRunner has terminated.
Mono: successfully reloaded assembly
- Completed reload, in  0.940 seconds
Platform modules already initialized, skipping
Shader 'Universal Render Pipeline/Particles/Lit': fallback shader 'Universal Render Pipeline/Particles/SimpleLit' not found
Refreshing native plugins compatible for Editor in 0.45 ms, found 0 plugins.
Preloading 0 native plugins for Editor in 0.00 ms.
Unloading 2607 Unused Serialized files (Serialized files now loaded: 0)
System memory in use before: 206.0 MB.
System memory in use after: 206.2 MB.

Unloading 9 unused Assets to reduce memory usage. Loaded Objects now: 3228.
Total: 2.533300 ms (FindLiveObjects: 0.290200 ms CreateObjectMapping: 0.150800 ms MarkObjects: 2.034300 ms  DeleteObjects: 0.056400 ms)

========================================================================
Received Prepare
Registering precompiled user dll's ...
Registered in 0.002887 seconds.
Begin MonoManager ReloadAssembly
Native extension for WindowsStandalone target not found
Native extension for WebGL target not found
Refreshing native plugins compatible for Editor in 0.45 ms, found 0 plugins.
Preloading 0 native plugins for Editor in 0.00 ms.
Invoked RoslynAnalysisRunner static constructor.
RoslynAnalysisRunner will not be running.
RoslynAnalysisRunner has terminated.
Mono: successfully reloaded assembly
- Completed reload, in  0.911 seconds
Platform modules already initialized, skipping
Shader 'Universal Render Pipeline/Particles/Lit': fallback shader 'Universal Render Pipeline/Particles/SimpleLit' not found
Refreshing native plugins compatible for Editor in 0.60 ms, found 0 plugins.
Preloading 0 native plugins for Editor in 0.00 ms.
Unloading 2607 Unused Serialized files (Serialized files now loaded: 0)
System memory in use before: 206.0 MB.
System memory in use after: 206.2 MB.

Unloading 9 unused Assets to reduce memory usage. Loaded Objects now: 3230.
Total: 2.508000 ms (FindLiveObjects: 0.286100 ms CreateObjectMapping: 0.157400 ms MarkObjects: 2.007500 ms  DeleteObjects: 0.055500 ms)

========================================================================
Received Prepare
Registering precompiled user dll's ...
Registered in 0.002984 seconds.
Begin MonoManager ReloadAssembly
Native extension for WindowsStandalone target not found
Native extension for WebGL target not found
Refreshing native plugins compatible for Editor in 0.45 ms, found 0 plugins.
Preloading 0 native plugins for Editor in 0.00 ms.
Invoked RoslynAnalysisRunner static constructor.
RoslynAnalysisRunner will not be running.
RoslynAnalysisRunner has terminated.
Mono: successfully reloaded assembly
- Completed reload, in  0.929 seconds
Platform modules already initialized, skipping
Shader 'Universal Render Pipeline/Particles/Lit': fallback shader 'Universal Render Pipeline/Particles/SimpleLit' not found
Refreshing native plugins compatible for Editor in 0.46 ms, found 0 plugins.
Preloading 0 native plugins for Editor in 0.00 ms.
Unloading 2607 Unused Serialized files (Serialized files now loaded: 0)
System memory in use before: 205.9 MB.
System memory in use after: 206.1 MB.

Unloading 9 unused Assets to reduce memory usage. Loaded Objects now: 3232.
Total: 2.608100 ms (FindLiveObjects: 0.286000 ms CreateObjectMapping: 0.126200 ms MarkObjects: 2.137300 ms  DeleteObjects: 0.057400 ms)

========================================================================
Received Import Request.
  Time since last request: 365.119259 seconds.
  path: Assets/Animations/Pistol Idle.anim
  artifactKey: Guid(a5f6fa25351c61a43bbdc688ff4e9d92) Importer(815301076,1909f56bfc062723c751e8b465ee728b)
Start importing Assets/Animations/Pistol Idle.anim using Guid(a5f6fa25351c61a43bbdc688ff4e9d92) Importer(815301076,1909f56bfc062723c751e8b465ee728b)  -> (artifact id: '27afd06f14bb5836c6b09f532687c1b2') in 0.053722 seconds
  Import took 0.058125 seconds .

========================================================================
Received Import Request.
  Time since last request: 5.467474 seconds.
  path: Assets/Animations/Player.controller
  artifactKey: Guid(68b071e0e0d600347a07a6f9707ecea5) Importer(815301076,1909f56bfc062723c751e8b465ee728b)
Start importing Assets/Animations/Player.controller using Guid(68b071e0e0d600347a07a6f9707ecea5) Importer(815301076,1909f56bfc062723c751e8b465ee728b)  -> (artifact id: '0abbb6fe9256fdd0fb9cebae2516e923') in 0.021544 seconds
  Import took 0.026521 seconds .

========================================================================
Received Prepare
Registering precompiled user dll's ...
Registered in 0.002882 seconds.
Begin MonoManager ReloadAssembly
Native extension for WindowsStandalone target not found
Native extension for WebGL target not found
Refreshing native plugins compatible for Editor in 0.45 ms, found 0 plugins.
Preloading 0 native plugins for Editor in 0.00 ms.
Invoked RoslynAnalysisRunner static constructor.
RoslynAnalysisRunner will not be running.
RoslynAnalysisRunner has terminated.
Mono: successfully reloaded assembly
- Completed reload, in  0.932 seconds
Platform modules already initialized, skipping
Shader 'Universal Render Pipeline/Particles/Lit': fallback shader 'Universal Render Pipeline/Particles/SimpleLit' not found
Refreshing native plugins compatible for Editor in 0.46 ms, found 0 plugins.
Preloading 0 native plugins for Editor in 0.00 ms.
Unloading 2607 Unused Serialized files (Serialized files now loaded: 0)
System memory in use before: 205.9 MB.
System memory in use after: 206.1 MB.

Unloading 9 unused Assets to reduce memory usage. Loaded Objects now: 3234.
Total: 2.877200 ms (FindLiveObjects: 0.272600 ms CreateObjectMapping: 0.130600 ms MarkObjects: 2.412500 ms  DeleteObjects: 0.060000 ms)

========================================================================
Received Prepare
Registering precompiled user dll's ...
Registered in 0.002851 seconds.
Begin MonoManager ReloadAssembly
Native extension for WindowsStandalone target not found
Native extension for WebGL target not found
Refreshing native plugins compatible for Editor in 0.48 ms, found 0 plugins.
Preloading 0 native plugins for Editor in 0.00 ms.
Invoked RoslynAnalysisRunner static constructor.
RoslynAnalysisRunner will not be running.
RoslynAnalysisRunner has terminated.
Mono: successfully reloaded assembly
- Completed reload, in  0.953 seconds
Platform modules already initialized, skipping
Shader 'Universal Render Pipeline/Particles/Lit': fallback shader 'Universal Render Pipeline/Particles/SimpleLit' not found
Refreshing native plugins compatible for Editor in 0.46 ms, found 0 plugins.
Preloading 0 native plugins for Editor in 0.00 ms.
Unloading 2607 Unused Serialized files (Serialized files now loaded: 0)
System memory in use before: 206.0 MB.
System memory in use after: 206.2 MB.

Unloading 9 unused Assets to reduce memory usage. Loaded Objects now: 3236.
Total: 3.035700 ms (FindLiveObjects: 0.299800 ms CreateObjectMapping: 0.160100 ms MarkObjects: 2.511600 ms  DeleteObjects: 0.063000 ms)

========================================================================
Received Import Request.
  Time since last request: 106.931271 seconds.
  path: Assets/Mixamo_Animations/Walking.fbx
  artifactKey: Guid(ff74c0cd2fc77a748863fcac7b5ee9e0) Importer(815301076,1909f56bfc062723c751e8b465ee728b)
Start importing Assets/Mixamo_Animations/Walking.fbx using Guid(ff74c0cd2fc77a748863fcac7b5ee9e0) Importer(815301076,1909f56bfc062723c751e8b465ee728b)  -> (artifact id: 'd92540396a21467f52ab3cd3882a0774') in 0.114655 seconds
  Import took 0.119222 seconds .

========================================================================
Received Import Request.
  Time since last request: 18.770650 seconds.
  path: Assets/Mixamo_Animations/Walking.fbx
  artifactKey: Guid(ff74c0cd2fc77a748863fcac7b5ee9e0) Importer(815301076,1909f56bfc062723c751e8b465ee728b)
Start importing Assets/Mixamo_Animations/Walking.fbx using Guid(ff74c0cd2fc77a748863fcac7b5ee9e0) Importer(815301076,1909f56bfc062723c751e8b465ee728b)  -> (artifact id: 'a7c9af7d9d26e54876485f3ba9b790e8') in 0.026016 seconds
  Import took 0.030262 seconds .

========================================================================
Received Import Request.
  Time since last request: 0.007739 seconds.
  path: Assets/Mixamo_Animations/Walking.fbx
  artifactKey: Guid(ff74c0cd2fc77a748863fcac7b5ee9e0) Importer(815301076,1909f56bfc062723c751e8b465ee728b)
Start importing Assets/Mixamo_Animations/Walking.fbx using Guid(ff74c0cd2fc77a748863fcac7b5ee9e0) Importer(815301076,1909f56bfc062723c751e8b465ee728b)  -> (artifact id: 'a7c9af7d9d26e54876485f3ba9b790e8') in 0.028402 seconds
  Import took 0.033141 seconds .

========================================================================
Received Prepare
Registering precompiled user dll's ...
Registered in 0.002827 seconds.
Begin MonoManager ReloadAssembly
Native extension for WindowsStandalone target not found
Native extension for WebGL target not found
Refreshing native plugins compatible for Editor in 0.46 ms, found 0 plugins.
Preloading 0 native plugins for Editor in 0.00 ms.
Invoked RoslynAnalysisRunner static constructor.
RoslynAnalysisRunner will not be running.
RoslynAnalysisRunner has terminated.
Mono: successfully reloaded assembly
- Completed reload, in  0.924 seconds
Platform modules already initialized, skipping
Shader 'Universal Render Pipeline/Particles/Lit': fallback shader 'Universal Render Pipeline/Particles/SimpleLit' not found
Refreshing native plugins compatible for Editor in 0.47 ms, found 0 plugins.
Preloading 0 native plugins for Editor in 0.00 ms.
Unloading 2607 Unused Serialized files (Serialized files now loaded: 0)
System memory in use before: 206.1 MB.
System memory in use after: 206.3 MB.

Unloading 9 unused Assets to reduce memory usage. Loaded Objects now: 3239.
Total: 2.591600 ms (FindLiveObjects: 0.273600 ms CreateObjectMapping: 0.128700 ms MarkObjects: 2.135700 ms  DeleteObjects: 0.052700 ms)

========================================================================
Received Prepare
Registering precompiled user dll's ...
Registered in 0.002838 seconds.
Begin MonoManager ReloadAssembly
Native extension for WindowsStandalone target not found
Native extension for WebGL target not found
Refreshing native plugins compatible for Editor in 0.46 ms, found 0 plugins.
Preloading 0 native plugins for Editor in 0.00 ms.
Invoked RoslynAnalysisRunner static constructor.
RoslynAnalysisRunner will not be running.
RoslynAnalysisRunner has terminated.
Mono: successfully reloaded assembly
- Completed reload, in  0.951 seconds
Platform modules already initialized, skipping
Shader 'Universal Render Pipeline/Particles/Lit': fallback shader 'Universal Render Pipeline/Particles/SimpleLit' not found
Refreshing native plugins compatible for Editor in 0.46 ms, found 0 plugins.
Preloading 0 native plugins for Editor in 0.00 ms.
Unloading 2607 Unused Serialized files (Serialized files now loaded: 0)
System memory in use before: 206.1 MB.
System memory in use after: 206.3 MB.

Unloading 9 unused Assets to reduce memory usage. Loaded Objects now: 3241.
Total: 2.572900 ms (FindLiveObjects: 0.351300 ms CreateObjectMapping: 0.177900 ms MarkObjects: 1.986900 ms  DeleteObjects: 0.056000 ms)

========================================================================
Received Prepare
Registering precompiled user dll's ...
Registered in 0.002885 seconds.
Begin MonoManager ReloadAssembly
Native extension for WindowsStandalone target not found
Native extension for WebGL target not found
Refreshing native plugins compatible for Editor in 0.45 ms, found 0 plugins.
Preloading 0 native plugins for Editor in 0.00 ms.
Invoked RoslynAnalysisRunner static constructor.
RoslynAnalysisRunner will not be running.
RoslynAnalysisRunner has terminated.
Mono: successfully reloaded assembly
- Completed reload, in  0.933 seconds
Platform modules already initialized, skipping
Shader 'Universal Render Pipeline/Particles/Lit': fallback shader 'Universal Render Pipeline/Particles/SimpleLit' not found
Refreshing native plugins compatible for Editor in 0.46 ms, found 0 plugins.
Preloading 0 native plugins for Editor in 0.00 ms.
Unloading 2607 Unused Serialized files (Serialized files now loaded: 0)
System memory in use before: 206.1 MB.
System memory in use after: 206.3 MB.

Unloading 9 unused Assets to reduce memory usage. Loaded Objects now: 3243.
Total: 3.044300 ms (FindLiveObjects: 0.311200 ms CreateObjectMapping: 0.162000 ms MarkObjects: 2.508000 ms  DeleteObjects: 0.061500 ms)

========================================================================
Received Import Request.
  Time since last request: 257.531215 seconds.
  path: Assets/Animations/Player.controller
  artifactKey: Guid(68b071e0e0d600347a07a6f9707ecea5) Importer(815301076,1909f56bfc062723c751e8b465ee728b)
Start importing Assets/Animations/Player.controller using Guid(68b071e0e0d600347a07a6f9707ecea5) Importer(815301076,1909f56bfc062723c751e8b465ee728b)  -> (artifact id: '943041879b62b6638dc2b1bbe6b46bc3') in 0.024721 seconds
  Import took 0.029522 seconds .

========================================================================
Received Prepare
Registering precompiled user dll's ...
Registered in 0.002874 seconds.
Begin MonoManager ReloadAssembly
Native extension for WindowsStandalone target not found
Native extension for WebGL target not found
Refreshing native plugins compatible for Editor in 0.46 ms, found 0 plugins.
Preloading 0 native plugins for Editor in 0.00 ms.
Invoked RoslynAnalysisRunner static constructor.
RoslynAnalysisRunner will not be running.
RoslynAnalysisRunner has terminated.
Mono: successfully reloaded assembly
- Completed reload, in  0.928 seconds
Platform modules already initialized, skipping
Shader 'Universal Render Pipeline/Particles/Lit': fallback shader 'Universal Render Pipeline/Particles/SimpleLit' not found
Refreshing native plugins compatible for Editor in 0.49 ms, found 0 plugins.
Preloading 0 native plugins for Editor in 0.00 ms.
Unloading 2607 Unused Serialized files (Serialized files now loaded: 0)
System memory in use before: 206.0 MB.
System memory in use after: 206.2 MB.

Unloading 9 unused Assets to reduce memory usage. Loaded Objects now: 3245.
Total: 3.043500 ms (FindLiveObjects: 0.303500 ms CreateObjectMapping: 0.149300 ms MarkObjects: 2.528300 ms  DeleteObjects: 0.061200 ms)

========================================================================
Received Prepare
Registering precompiled user dll's ...
Registered in 0.002867 seconds.
Begin MonoManager ReloadAssembly
Native extension for WindowsStandalone target not found
Native extension for WebGL target not found
Refreshing native plugins compatible for Editor in 0.50 ms, found 0 plugins.
Preloading 0 native plugins for Editor in 0.00 ms.
Invoked RoslynAnalysisRunner static constructor.
RoslynAnalysisRunner will not be running.
RoslynAnalysisRunner has terminated.
Mono: successfully reloaded assembly
- Completed reload, in  0.937 seconds
Platform modules already initialized, skipping
Shader 'Universal Render Pipeline/Particles/Lit': fallback shader 'Universal Render Pipeline/Particles/SimpleLit' not found
Refreshing native plugins compatible for Editor in 0.52 ms, found 0 plugins.
Preloading 0 native plugins for Editor in 0.00 ms.
Unloading 2607 Unused Serialized files (Serialized files now loaded: 0)
System memory in use before: 206.1 MB.
System memory in use after: 206.3 MB.

Unloading 9 unused Assets to reduce memory usage. Loaded Objects now: 3247.
Total: 2.355000 ms (FindLiveObjects: 0.265000 ms CreateObjectMapping: 0.136800 ms MarkObjects: 1.895500 ms  DeleteObjects: 0.056700 ms)

========================================================================
Received Prepare
Registering precompiled user dll's ...
Registered in 0.002939 seconds.
Begin MonoManager ReloadAssembly
Native extension for WindowsStandalone target not found
Native extension for WebGL target not found
Refreshing native plugins compatible for Editor in 0.45 ms, found 0 plugins.
Preloading 0 native plugins for Editor in 0.00 ms.
Invoked RoslynAnalysisRunner static constructor.
RoslynAnalysisRunner will not be running.
RoslynAnalysisRunner has terminated.
Mono: successfully reloaded assembly
- Completed reload, in  0.948 seconds
Platform modules already initialized, skipping
Shader 'Universal Render Pipeline/Particles/Lit': fallback shader 'Universal Render Pipeline/Particles/SimpleLit' not found
Refreshing native plugins compatible for Editor in 0.45 ms, found 0 plugins.
Preloading 0 native plugins for Editor in 0.00 ms.
Unloading 2607 Unused Serialized files (Serialized files now loaded: 0)
System memory in use before: 206.1 MB.
System memory in use after: 206.3 MB.

Unloading 9 unused Assets to reduce memory usage. Loaded Objects now: 3249.
Total: 2.627100 ms (FindLiveObjects: 0.265600 ms CreateObjectMapping: 0.135600 ms MarkObjects: 2.171400 ms  DeleteObjects: 0.053800 ms)

========================================================================
Received Prepare
Registering precompiled user dll's ...
Registered in 0.002873 seconds.
Begin MonoManager ReloadAssembly
Native extension for WindowsStandalone target not found
Native extension for WebGL target not found
Refreshing native plugins compatible for Editor in 0.45 ms, found 0 plugins.
Preloading 0 native plugins for Editor in 0.00 ms.
Invoked RoslynAnalysisRunner static constructor.
RoslynAnalysisRunner will not be running.
RoslynAnalysisRunner has terminated.
Mono: successfully reloaded assembly
- Completed reload, in  0.924 seconds
Platform modules already initialized, skipping
Shader 'Universal Render Pipeline/Particles/Lit': fallback shader 'Universal Render Pipeline/Particles/SimpleLit' not found
Refreshing native plugins compatible for Editor in 0.46 ms, found 0 plugins.
Preloading 0 native plugins for Editor in 0.00 ms.
Unloading 2607 Unused Serialized files (Serialized files now loaded: 0)
System memory in use before: 206.1 MB.
System memory in use after: 206.3 MB.

Unloading 9 unused Assets to reduce memory usage. Loaded Objects now: 3251.
Total: 2.592800 ms (FindLiveObjects: 0.277900 ms CreateObjectMapping: 0.131000 ms MarkObjects: 2.130600 ms  DeleteObjects: 0.052400 ms)

========================================================================
Received Prepare
Registering precompiled user dll's ...
Registered in 0.002842 seconds.
Begin MonoManager ReloadAssembly
Native extension for WindowsStandalone target not found
Native extension for WebGL target not found
Refreshing native plugins compatible for Editor in 0.45 ms, found 0 plugins.
Preloading 0 native plugins for Editor in 0.00 ms.
Invoked RoslynAnalysisRunner static constructor.
RoslynAnalysisRunner will not be running.
RoslynAnalysisRunner has terminated.
Mono: successfully reloaded assembly
- Completed reload, in  0.924 seconds
Platform modules already initialized, skipping
Shader 'Universal Render Pipeline/Particles/Lit': fallback shader 'Universal Render Pipeline/Particles/SimpleLit' not found
Refreshing native plugins compatible for Editor in 0.46 ms, found 0 plugins.
Preloading 0 native plugins for Editor in 0.00 ms.
Unloading 2607 Unused Serialized files (Serialized files now loaded: 0)
System memory in use before: 206.1 MB.
System memory in use after: 206.3 MB.

Unloading 9 unused Assets to reduce memory usage. Loaded Objects now: 3253.
Total: 2.408900 ms (FindLiveObjects: 0.261000 ms CreateObjectMapping: 0.126800 ms MarkObjects: 1.965300 ms  DeleteObjects: 0.054800 ms)

========================================================================
Received Prepare
Registering precompiled user dll's ...
Registered in 0.002828 seconds.
Begin MonoManager ReloadAssembly
Native extension for WindowsStandalone target not found
Native extension for WebGL target not found
Refreshing native plugins compatible for Editor in 0.46 ms, found 0 plugins.
Preloading 0 native plugins for Editor in 0.00 ms.
Invoked RoslynAnalysisRunner static constructor.
RoslynAnalysisRunner will not be running.
RoslynAnalysisRunner has terminated.
Mono: successfully reloaded assembly
- Completed reload, in  0.936 seconds
Platform modules already initialized, skipping
Shader 'Universal Render Pipeline/Particles/Lit': fallback shader 'Universal Render Pipeline/Particles/SimpleLit' not found
Refreshing native plugins compatible for Editor in 0.49 ms, found 0 plugins.
Preloading 0 native plugins for Editor in 0.00 ms.
Unloading 2607 Unused Serialized files (Serialized files now loaded: 0)
System memory in use before: 206.1 MB.
System memory in use after: 206.3 MB.

Unloading 9 unused Assets to reduce memory usage. Loaded Objects now: 3255.
Total: 2.712300 ms (FindLiveObjects: 0.269400 ms CreateObjectMapping: 0.122200 ms MarkObjects: 2.250500 ms  DeleteObjects: 0.069100 ms)

========================================================================
Received Prepare
Registering precompiled user dll's ...
Registered in 0.003908 seconds.
Begin MonoManager ReloadAssembly
Native extension for WindowsStandalone target not found
Native extension for WebGL target not found
Refreshing native plugins compatible for Editor in 0.44 ms, found 0 plugins.
Preloading 0 native plugins for Editor in 0.00 ms.
Invoked RoslynAnalysisRunner static constructor.
RoslynAnalysisRunner will not be running.
RoslynAnalysisRunner has terminated.
Mono: successfully reloaded assembly
- Completed reload, in  0.927 seconds
Platform modules already initialized, skipping
Shader 'Universal Render Pipeline/Particles/Lit': fallback shader 'Universal Render Pipeline/Particles/SimpleLit' not found
Refreshing native plugins compatible for Editor in 0.46 ms, found 0 plugins.
Preloading 0 native plugins for Editor in 0.00 ms.
Unloading 2607 Unused Serialized files (Serialized files now loaded: 0)
System memory in use before: 206.1 MB.
System memory in use after: 206.3 MB.

Unloading 9 unused Assets to reduce memory usage. Loaded Objects now: 3257.
Total: 2.510100 ms (FindLiveObjects: 0.290200 ms CreateObjectMapping: 0.142100 ms MarkObjects: 2.021800 ms  DeleteObjects: 0.054500 ms)

========================================================================
Received Prepare
Registering precompiled user dll's ...
Registered in 0.002875 seconds.
Begin MonoManager ReloadAssembly
Native extension for WindowsStandalone target not found
Native extension for WebGL target not found
Refreshing native plugins compatible for Editor in 0.46 ms, found 0 plugins.
Preloading 0 native plugins for Editor in 0.00 ms.
Invoked RoslynAnalysisRunner static constructor.
RoslynAnalysisRunner will not be running.
RoslynAnalysisRunner has terminated.
Mono: successfully reloaded assembly
- Completed reload, in  0.935 seconds
Platform modules already initialized, skipping
Shader 'Universal Render Pipeline/Particles/Lit': fallback shader 'Universal Render Pipeline/Particles/SimpleLit' not found
Refreshing native plugins compatible for Editor in 0.46 ms, found 0 plugins.
Preloading 0 native plugins for Editor in 0.00 ms.
Unloading 2607 Unused Serialized files (Serialized files now loaded: 0)
System memory in use before: 207.1 MB.
System memory in use after: 207.3 MB.

Unloading 9 unused Assets to reduce memory usage. Loaded Objects now: 3259.
Total: 2.570200 ms (FindLiveObjects: 0.258400 ms CreateObjectMapping: 0.123500 ms MarkObjects: 2.133100 ms  DeleteObjects: 0.054400 ms)

========================================================================
Received Prepare
Registering precompiled user dll's ...
Registered in 0.002877 seconds.
Begin MonoManager ReloadAssembly
Native extension for WindowsStandalone target not found
Native extension for WebGL target not found
Refreshing native plugins compatible for Editor in 0.48 ms, found 0 plugins.
Preloading 0 native plugins for Editor in 0.00 ms.
Invoked RoslynAnalysisRunner static constructor.
RoslynAnalysisRunner will not be running.
RoslynAnalysisRunner has terminated.
Mono: successfully reloaded assembly
- Completed reload, in  0.919 seconds
Platform modules already initialized, skipping
Shader 'Universal Render Pipeline/Particles/Lit': fallback shader 'Universal Render Pipeline/Particles/SimpleLit' not found
Refreshing native plugins compatible for Editor in 0.45 ms, found 0 plugins.
Preloading 0 native plugins for Editor in 0.00 ms.
Unloading 2607 Unused Serialized files (Serialized files now loaded: 0)
System memory in use before: 206.1 MB.
System memory in use after: 206.3 MB.

Unloading 9 unused Assets to reduce memory usage. Loaded Objects now: 3261.
Total: 2.987700 ms (FindLiveObjects: 0.324100 ms CreateObjectMapping: 0.165900 ms MarkObjects: 2.433300 ms  DeleteObjects: 0.063400 ms)

========================================================================
Received Prepare
Registering precompiled user dll's ...
Registered in 0.002864 seconds.
Begin MonoManager ReloadAssembly
Native extension for WindowsStandalone target not found
Native extension for WebGL target not found
Refreshing native plugins compatible for Editor in 0.48 ms, found 0 plugins.
Preloading 0 native plugins for Editor in 0.00 ms.
Invoked RoslynAnalysisRunner static constructor.
RoslynAnalysisRunner will not be running.
RoslynAnalysisRunner has terminated.
Mono: successfully reloaded assembly
- Completed reload, in  0.933 seconds
Platform modules already initialized, skipping
Shader 'Universal Render Pipeline/Particles/Lit': fallback shader 'Universal Render Pipeline/Particles/SimpleLit' not found
Refreshing native plugins compatible for Editor in 0.46 ms, found 0 plugins.
Preloading 0 native plugins for Editor in 0.00 ms.
Unloading 2607 Unused Serialized files (Serialized files now loaded: 0)
System memory in use before: 206.1 MB.
System memory in use after: 206.3 MB.

Unloading 9 unused Assets to reduce memory usage. Loaded Objects now: 3263.
Total: 3.112800 ms (FindLiveObjects: 0.304000 ms CreateObjectMapping: 0.157500 ms MarkObjects: 2.586900 ms  DeleteObjects: 0.063200 ms)

========================================================================
Received Prepare
Registering precompiled user dll's ...
Registered in 0.002938 seconds.
Begin MonoManager ReloadAssembly
Native extension for WindowsStandalone target not found
Native extension for WebGL target not found
Refreshing native plugins compatible for Editor in 0.46 ms, found 0 plugins.
Preloading 0 native plugins for Editor in 0.00 ms.
Invoked RoslynAnalysisRunner static constructor.
RoslynAnalysisRunner will not be running.
RoslynAnalysisRunner has terminated.
Mono: successfully reloaded assembly
- Completed reload, in  0.931 seconds
Platform modules already initialized, skipping
Shader 'Universal Render Pipeline/Particles/Lit': fallback shader 'Universal Render Pipeline/Particles/SimpleLit' not found
Refreshing native plugins compatible for Editor in 0.47 ms, found 0 plugins.
Preloading 0 native plugins for Editor in 0.00 ms.
Unloading 2607 Unused Serialized files (Serialized files now loaded: 0)
System memory in use before: 206.1 MB.
System memory in use after: 206.3 MB.

Unloading 9 unused Assets to reduce memory usage. Loaded Objects now: 3265.
Total: 2.729900 ms (FindLiveObjects: 0.345800 ms CreateObjectMapping: 0.144100 ms MarkObjects: 2.172200 ms  DeleteObjects: 0.066300 ms)

AssetImportWorkerClient::OnTransportError - code=2 error=End of file
